<?xml version="1.0" encoding="UTF-8"?>
<!-- Generated by org.testng.reporters.JUnitReportReporter -->
<testsuite hostname="LTIN439529" failures="0" tests="1" name="TestCases.Sales" time="10.286" errors="0" timestamp="2024-02-10T09:31:01 IST" skipped="0">
  <testcase classname="TestCases.Sales" name="salesHeader" time="10.286"/>
  <system-out/>
</testsuite> <!-- TestCases.Sales -->
