<?xml version="1.0" encoding="UTF-8"?>
<!-- Generated by org.testng.reporters.JUnitReportReporter -->
<testsuite hostname="LTIN439529" failures="0" tests="1" name="TestCases.ServiceLines" time="0.997" errors="0" timestamp="2024-02-12T10:36:25 IST" skipped="0">
  <testcase classname="TestCases.ServiceLines" name="serviceHeader" time="0.997"/>
  <system-out/>
</testsuite> <!-- TestCases.ServiceLines -->
