<?xml version="1.0" encoding="UTF-8"?>
<!-- Generated by org.testng.reporters.JUnitReportReporter -->
<testsuite hostname="LTIN439529" failures="0" tests="1" name="TestCases.ethics" time="7.905" errors="0" timestamp="2024-02-12T11:47:21 IST" skipped="0">
  <testcase classname="TestCases.ethics" name="ValidateEthicsPage" time="7.905"/>
  <system-out/>
</testsuite> <!-- TestCases.ethics -->
