<?xml version="1.0" encoding="UTF-8"?>
<!-- Generated by org.testng.reporters.JUnitReportReporter -->
<testsuite hostname="LTIN439529" failures="0" tests="1" name="TestCases.people" time="1.551" errors="0" timestamp="2024-02-10T09:31:01 IST" skipped="0">
  <testcase classname="TestCases.people" name="peopleHeader" time="1.551"/>
  <system-out/>
</testsuite> <!-- TestCases.people -->
