<?xml version="1.0" encoding="UTF-8"?>
<!-- Generated by org.testng.reporters.JUnitReportReporter -->
<testsuite hostname="LTIN439529" failures="0" tests="1" name="TestCases.BeCognizant" time="6.295" errors="0" timestamp="2024-02-10T09:00:33 IST" skipped="0">
  <testcase classname="TestCases.BeCognizant" name="the_user_navigated_to_the_cognizant_page" time="6.295"/>
  <system-out/>
</testsuite> <!-- TestCases.BeCognizant -->
