<?xml version="1.0" encoding="UTF-8"?>
<!-- Generated by org.testng.reporters.JUnitReportReporter -->
<testsuite hostname="LTIN439529" failures="0" tests="1" name="TestCases.HeaderCompany" time="10.397" errors="0" timestamp="2024-02-10T09:00:33 IST" skipped="0">
  <testcase classname="TestCases.HeaderCompany" name="the_user_checks_header_option_company_has_icon" time="10.397"/>
  <system-out/>
</testsuite> <!-- TestCases.HeaderCompany -->
